<?xml version="1.0" encoding="UTF-8"?>
<!-- Generated by org.testng.reporters.JUnitReportReporter -->
<testsuite skipped="0" hostname="LAPTOP-EAS88SUS" name="test.AddCustmerTest" tests="1" failures="0" timestamp="2023-01-13T21:07:55 CST" time="8.082" errors="0">
  <testcase name="validUserShouldBeAbleToAddCustomerFromListCustomer" time="8.082" classname="test.AddCustmerTest"/>
  <system-out/>
</testsuite> <!-- test.AddCustmerTest -->
