<?xml version="1.0" encoding="UTF-8"?>
<!-- Generated by org.testng.reporters.JUnitReportReporter -->
<testsuite skipped="0" hostname="LAPTOP-EAS88SUS" name="test.LoginTest" tests="1" failures="0" timestamp="2023-01-13T19:56:35 CST" time="19.968" errors="0">
  <testcase name="validUsershouldBeAbleToLogin" time="19.968" classname="test.LoginTest"/>
  <system-out/>
</testsuite> <!-- test.LoginTest -->
